<?xml version="1.0" encoding="UTF-8"?>
<!-- Generated by org.testng.reporters.JUnitReportReporter -->
<testsuite skipped="0" hostname="DESKTOP-BP7NV3R" name="TESTNG.Priority" tests="3" failures="0" timestamp="2021-07-25T19:00:04 IST" time="0.037" errors="0">
  <testcase name="tc2" time="0.029" classname="TESTNG.Priority"/>
  <system-out/>
  <testcase name="tc3" time="0.004" classname="TESTNG.Priority"/>
  <system-out/>
  <testcase name="tc1" time="0.004" classname="TESTNG.Priority"/>
  <system-out/>
</testsuite> <!-- TESTNG.Priority -->
