<?xml version="1.0" encoding="UTF-8"?>
<!-- Generated by org.testng.reporters.JUnitReportReporter -->
<testsuite skipped="0" hostname="DESKTOP-BP7NV3R" name="TESTNG.Demo22" tests="2" failures="0" timestamp="2021-07-23T09:54:53 IST" time="0.015" errors="0">
  <testcase name="tc1" time="0.010" classname="TESTNG.Demo22"/>
  <system-out/>
  <testcase name="tc2" time="0.005" classname="TESTNG.Demo22"/>
  <system-out/>
</testsuite> <!-- TESTNG.Demo22 -->
