<?xml version="1.0" encoding="UTF-8"?>
<!-- Generated by org.testng.reporters.JUnitReportReporter -->
<testsuite skipped="0" hostname="DESKTOP-BP7NV3R" name="TESTNG.Demo23" tests="2" failures="0" timestamp="2021-07-23T09:56:49 IST" time="0.028" errors="0">
  <testcase name="tc2" time="0.006" classname="TESTNG.Demo23"/>
  <system-out/>
  <testcase name="tc1" time="0.022" classname="TESTNG.Demo23"/>
  <system-out/>
</testsuite> <!-- TESTNG.Demo23 -->
