<?xml version="1.0" encoding="UTF-8"?>
<!-- Generated by org.testng.reporters.JUnitReportReporter -->
<testsuite skipped="0" hostname="DESKTOP-BP7NV3R" name="TESTNG.Dp" tests="3" failures="0" timestamp="2021-07-25T19:31:01 IST" time="0.037" errors="0">
  <testcase name="tc" time="0.006" classname="TESTNG.Dp"/>
  <system-out/>
  <testcase name="tc" time="0.005" classname="TESTNG.Dp"/>
  <system-out/>
  <testcase name="tc" time="0.026" classname="TESTNG.Dp"/>
  <system-out/>
</testsuite> <!-- TESTNG.Dp -->
