<?xml version="1.0" encoding="UTF-8"?>
<!-- Generated by org.testng.reporters.JUnitReportReporter -->
<testsuite skipped="0" hostname="DESKTOP-BP7NV3R" name="TESTNG.goolgeOnDifferentBrowseer" tests="2" failures="0" timestamp="2021-07-27T08:50:14 IST" time="100.920" errors="0">
  <testcase name="tc" time="71.571" classname="TESTNG.goolgeOnDifferentBrowseer"/>
  <system-out/>
  <testcase name="tc" time="29.349" classname="TESTNG.goolgeOnDifferentBrowseer"/>
  <system-out/>
</testsuite> <!-- TESTNG.goolgeOnDifferentBrowseer -->
