<?xml version="1.0" encoding="UTF-8"?>
<!-- Generated by org.testng.reporters.JUnitReportReporter -->
<testsuite skipped="0" hostname="DESKTOP-BP7NV3R" name="TESTNG.DependsOnGroup" tests="4" failures="0" timestamp="2021-07-25T18:58:13 IST" time="0.052" errors="0">
  <testcase name="tc2" time="0.023" classname="TESTNG.DependsOnGroup"/>
  <system-out/>
  <testcase name="tc1" time="0.005" classname="TESTNG.DependsOnGroup"/>
  <system-out/>
  <testcase name="tc3" time="0.009" classname="TESTNG.DependsOnGroup"/>
  <system-out/>
  <testcase name="tc4" time="0.015" classname="TESTNG.DependsOnGroup"/>
  <system-out/>
</testsuite> <!-- TESTNG.DependsOnGroup -->
