<?xml version="1.0" encoding="UTF-8"?>
<!-- Generated by org.testng.reporters.JUnitReportReporter -->
<testsuite skipped="0" hostname="DESKTOP-BP7NV3R" name="TESTNG.Enable" tests="1" failures="0" timestamp="2021-07-25T19:02:14 IST" time="0.026" errors="0">
  <testcase name="tc1" time="0.026" classname="TESTNG.Enable"/>
  <system-out/>
</testsuite> <!-- TESTNG.Enable -->
