<?xml version="1.0" encoding="UTF-8"?>
<!-- Generated by org.testng.reporters.JUnitReportReporter -->
<testsuite skipped="0" hostname="DESKTOP-BP7NV3R" name="TESTNG.Demotetsng" tests="5" failures="0" timestamp="2021-07-25T19:16:56 IST" time="66.851" errors="0">
  <testcase name="tc_01" time="14.924" classname="TESTNG.Demotetsng"/>
  <system-out/>
  <testcase name="tc_01" time="12.678" classname="TESTNG.Demotetsng"/>
  <system-out/>
  <testcase name="tc_01" time="12.592" classname="TESTNG.Demotetsng"/>
  <system-out/>
  <testcase name="tc_01" time="12.419" classname="TESTNG.Demotetsng"/>
  <system-out/>
  <testcase name="tc_01" time="14.238" classname="TESTNG.Demotetsng"/>
  <system-out/>
</testsuite> <!-- TESTNG.Demotetsng -->
