<?xml version="1.0" encoding="UTF-8"?>
<!-- Generated by org.testng.reporters.JUnitReportReporter -->
<testsuite skipped="0" hostname="DESKTOP-BP7NV3R" name="TESTNG.AssertDemo" tests="1" failures="0" timestamp="2021-07-26T17:00:46 IST" time="0.023" errors="0">
  <testcase name="tc1" time="0.023" classname="TESTNG.AssertDemo"/>
  <system-out/>
</testsuite> <!-- TESTNG.AssertDemo -->
