<?xml version="1.0" encoding="UTF-8"?>
<!-- Generated by org.testng.reporters.JUnitReportReporter -->
<testsuite skipped="1" hostname="DESKTOP-BP7NV3R" name="TESTNG.Actitime" tests="1" failures="0" timestamp="2021-07-23T16:49:37 IST" time="0.000" errors="0">
  <testcase name="tc" time="0.000" classname="TESTNG.Actitime">
    <skipped/>
  </testcase> <!-- tc -->
  <system-out/>
</testsuite> <!-- TESTNG.Actitime -->
