<?xml version="1.0" encoding="UTF-8"?>
<!-- Generated by org.testng.reporters.JUnitReportReporter -->
<testsuite skipped="0" hostname="DESKTOP-BP7NV3R" name="TESTNG.DemoMP" tests="2" failures="0" timestamp="2021-07-25T19:11:51 IST" time="26.499" errors="0">
  <testcase name="tc2" time="11.981" classname="TESTNG.DemoMP"/>
  <system-out/>
  <testcase name="tc1" time="14.518" classname="TESTNG.DemoMP"/>
  <system-out/>
</testsuite> <!-- TESTNG.DemoMP -->
