<?xml version="1.0" encoding="UTF-8"?>
<!-- Generated by org.testng.reporters.JUnitReportReporter -->
<testsuite skipped="0" hostname="DESKTOP-BP7NV3R" name="TESTNG.DependsOn" tests="3" failures="0" timestamp="2021-07-23T17:48:33 IST" time="0.045" errors="0">
  <testcase name="tc2" time="0.032" classname="TESTNG.DependsOn"/>
  <system-out/>
  <testcase name="tc3" time="0.006" classname="TESTNG.DependsOn"/>
  <system-out/>
  <testcase name="tc1" time="0.007" classname="TESTNG.DependsOn"/>
  <system-out/>
</testsuite> <!-- TESTNG.DependsOn -->
