<?xml version="1.0" encoding="UTF-8"?>
<!-- Generated by org.testng.reporters.JUnitReportReporter -->
<testsuite skipped="0" hostname="DESKTOP-BP7NV3R" name="TESTNG.DemoParalle2" tests="1" failures="0" timestamp="2021-07-25T19:21:29 IST" time="20.682" errors="0">
  <testcase name="tc2" time="20.682" classname="TESTNG.DemoParalle2"/>
  <system-out/>
</testsuite> <!-- TESTNG.DemoParalle2 -->
