<?xml version="1.0" encoding="UTF-8"?>
<!-- Generated by org.testng.reporters.JUnitReportReporter -->
<testsuite skipped="0" hostname="DESKTOP-BP7NV3R" name="TESTNG.AssertDemo2" tests="1" failures="0" timestamp="2021-07-26T17:14:57 IST" time="0.029" errors="0">
  <testcase name="tc1" time="0.029" classname="TESTNG.AssertDemo2"/>
  <system-out/>
</testsuite> <!-- TESTNG.AssertDemo2 -->
