<?xml version="1.0" encoding="UTF-8"?>
<!-- Generated by org.testng.reporters.JUnitReportReporter -->
<testsuite skipped="0" hostname="DESKTOP-BP7NV3R" name="TESTNG.Demo2" tests="2" failures="0" timestamp="2021-07-25T19:16:56 IST" time="28.643" errors="0">
  <testcase name="tc_01" time="12.606" classname="TESTNG.Demo2"/>
  <system-out/>
  <testcase name="tc_02" time="16.037" classname="TESTNG.Demo2"/>
  <system-out/>
</testsuite> <!-- TESTNG.Demo2 -->
