<?xml version="1.0" encoding="UTF-8"?>
<!-- Generated by org.testng.reporters.JUnitReportReporter -->
<testsuite skipped="0" hostname="DESKTOP-BP7NV3R" name="TESTNG.DepensOn" tests="3" failures="0" timestamp="2021-07-22T22:52:54 IST" time="0.040" errors="0">
  <testcase name="tc2" time="0.031" classname="TESTNG.DepensOn"/>
  <system-out/>
  <testcase name="tc3" time="0.005" classname="TESTNG.DepensOn"/>
  <system-out/>
  <testcase name="tc1" time="0.004" classname="TESTNG.DepensOn"/>
  <system-out/>
</testsuite> <!-- TESTNG.DepensOn -->
