<?xml version="1.0" encoding="UTF-8"?>
<!-- Generated by org.testng.reporters.JUnitReportReporter -->
<testsuite skipped="0" hostname="DESKTOP-BP7NV3R" name="TESTNG.DemoParallel1" tests="1" failures="0" timestamp="2021-07-25T19:21:29 IST" time="26.029" errors="0">
  <testcase name="tc1" time="26.029" classname="TESTNG.DemoParallel1"/>
  <system-out/>
</testsuite> <!-- TESTNG.DemoParallel1 -->
